<?xml version="1.0" encoding="UTF-8"?>
<!-- Generated by org.testng.reporters.JUnitReportReporter -->
<testsuite skipped="0" hostname="VINOD-CHAUDHARI" name="com.DataProvider.DPTest" tests="5" failures="0" timestamp="13 Jun 2022 04:13:15 GMT" time="20.004" errors="0">
  <testcase name="Logintest" time="8.753" classname="com.DataProvider.DPTest"/>
  <testcase name="Logintest" time="9.410" classname="com.DataProvider.DPTest"/>
  <testcase name="Logintest" time="0.631" classname="com.DataProvider.DPTest"/>
  <testcase name="Logintest" time="0.614" classname="com.DataProvider.DPTest"/>
  <testcase name="Logintest" time="0.596" classname="com.DataProvider.DPTest"/>
</testsuite> <!-- com.DataProvider.DPTest -->
