<?xml version="1.0" encoding="UTF-8"?>
<!-- Generated by org.testng.reporters.JUnitReportReporter -->
<testsuite skipped="0" hostname="VINOD-CHAUDHARI" name="com.DataProvider.DataProviderTest" tests="5" failures="0" timestamp="27 Jun 2022 10:54:52 GMT" time="6.281" errors="0">
  <testcase name="Logintest" time="0.617" classname="com.DataProvider.DataProviderTest"/>
  <testcase name="Logintest" time="0.722" classname="com.DataProvider.DataProviderTest"/>
  <testcase name="Logintest" time="2.222" classname="com.DataProvider.DataProviderTest"/>
  <testcase name="Logintest" time="2.071" classname="com.DataProvider.DataProviderTest"/>
  <testcase name="Logintest" time="0.649" classname="com.DataProvider.DataProviderTest"/>
</testsuite> <!-- com.DataProvider.DataProviderTest -->
