<?xml version="1.0" encoding="UTF-8"?>
<!-- Generated by org.testng.reporters.JUnitReportReporter -->
<testsuite skipped="0" hostname="VINOD-CHAUDHARI" name="com.jbk.test.TestCasesExecution" tests="7" failures="0" timestamp="01 Jul 2022 16:20:49 GMT" time="5.567" errors="0">
  <testcase name="checkUserbutton" time="0.808" classname="com.jbk.test.TestCasesExecution"/>
  <testcase name="checkExistingUsers" time="0.739" classname="com.jbk.test.TestCasesExecution"/>
  <testcase name="checkAlreadyExistingUser" time="0.862" classname="com.jbk.test.TestCasesExecution"/>
  <testcase name="checkExistingOperators" time="0.791" classname="com.jbk.test.TestCasesExecution"/>
  <testcase name="checkExistingUsefulLinks" time="0.754" classname="com.jbk.test.TestCasesExecution"/>
  <testcase name="checkExistingDownLoads" time="0.806" classname="com.jbk.test.TestCasesExecution"/>
  <testcase name="checkNavigationOfLogout" time="0.807" classname="com.jbk.test.TestCasesExecution"/>
</testsuite> <!-- com.jbk.test.TestCasesExecution -->
