<?xml version="1.0" encoding="UTF-8"?>
<!-- Generated by org.testng.reporters.JUnitReportReporter -->
<testsuite skipped="0" hostname="VINOD-CHAUDHARI" name="D.LoTest" tests="2" failures="0" timestamp="11 Jun 2022 07:03:53 GMT" time="7.868" errors="0">
  <testcase name="test01" time="7.775" classname="D.LoTest"/>
  <testcase name="test02" time="0.093" classname="D.LoTest"/>
</testsuite> <!-- D.LoTest -->
