<?xml version="1.0" encoding="UTF-8"?>
<!-- Generated by org.testng.reporters.JUnitReportReporter -->
<testsuite skipped="0" hostname="VINOD-CHAUDHARI" name="com.EleventhJune.LoginTest1" tests="2" failures="0" timestamp="11 Jun 2022 09:49:50 GMT" time="5.304" errors="0">
  <testcase name="test01" time="5.097" classname="com.EleventhJune.LoginTest1"/>
  <testcase name="test02" time="0.207" classname="com.EleventhJune.LoginTest1"/>
</testsuite> <!-- com.EleventhJune.LoginTest1 -->
