<?xml version="1.0" encoding="UTF-8"?>
<!-- Generated by org.testng.reporters.JUnitReportReporter -->
<testsuite skipped="0" hostname="VINOD-CHAUDHARI" name="com.FourthJuneTest.LoginTest" tests="1" failures="0" timestamp="05 Jun 2022 10:56:29 GMT" time="5.129" errors="0">
  <testcase name="test01" time="5.129" classname="com.FourthJuneTest.LoginTest"/>
</testsuite> <!-- com.FourthJuneTest.LoginTest -->
