<?xml version="1.0" encoding="UTF-8"?>
<!-- Generated by org.testng.reporters.JUnitReportReporter -->
<testsuite skipped="0" hostname="VINOD-CHAUDHARI" name="com.EleventhJune.LoginTest3" tests="2" failures="0" timestamp="11 Jun 2022 12:04:28 GMT" time="8.726" errors="0">
  <testcase name="test01" time="8.311" classname="com.EleventhJune.LoginTest3"/>
  <testcase name="test02" time="0.415" classname="com.EleventhJune.LoginTest3"/>
</testsuite> <!-- com.EleventhJune.LoginTest3 -->
