<?xml version="1.0" encoding="UTF-8"?>
<!-- Generated by org.testng.reporters.JUnitReportReporter -->
<testsuite skipped="0" hostname="VINOD-CHAUDHARI" name="com.jbk.test.LoginTest" tests="1" failures="0" timestamp="02 Jul 2022 04:38:15 GMT" time="3.901" errors="0">
  <testcase name="verifycorrectCredentials" time="3.901" classname="com.jbk.test.LoginTest"/>
</testsuite> <!-- com.jbk.test.LoginTest -->
