<?xml version="1.0" encoding="UTF-8"?>
<!-- Generated by org.testng.reporters.JUnitReportReporter -->
<testsuite skipped="0" hostname="VINOD-CHAUDHARI" name="com.EleventhJune.LoginTest2" tests="2" failures="0" timestamp="11 Jun 2022 14:08:05 GMT" time="5.308" errors="0">
  <testcase name="test01" time="5.162" classname="com.EleventhJune.LoginTest2"/>
  <testcase name="test02" time="0.146" classname="com.EleventhJune.LoginTest2"/>
</testsuite> <!-- com.EleventhJune.LoginTest2 -->
